<?xml version="1.0" encoding="UTF-8"?>
<coverage generated="1736795304734" clover="3.2.0">
  <project timestamp="1736795304734" name="All files">
    <metrics statements="19" coveredstatements="16" conditionals="2" coveredconditionals="2" methods="1" coveredmethods="1" elements="22" coveredelements="19" complexity="0" loc="19" ncloc="19" packages="1" files="1" classes="1"/>
    <file name="createStudentApp.js" path="C:\Users\Admin\Downloads\DevOps-Project-daryl-final code\public\js\createStudentApp.js">
      <metrics statements="19" coveredstatements="16" conditionals="2" coveredconditionals="2" methods="1" coveredmethods="1"/>
      <line num="1" count="3" type="stmt"/>
      <line num="2" count="3" type="stmt"/>
      <line num="5" count="3" type="stmt"/>
      <line num="6" count="3" type="stmt"/>
      <line num="8" count="3" type="stmt"/>
      <line num="10" count="3" type="stmt"/>
      <line num="12" count="3" type="stmt"/>
      <line num="21" count="3" type="cond" truecount="2" falsecount="0"/>
      <line num="22" count="2" type="stmt"/>
      <line num="24" count="2" type="stmt"/>
      <line num="25" count="2" type="stmt"/>
      <line num="28" count="2" type="stmt"/>
      <line num="31" count="1" type="stmt"/>
      <line num="32" count="1" type="stmt"/>
      <line num="33" count="1" type="stmt"/>
      <line num="36" count="0" type="stmt"/>
      <line num="37" count="0" type="stmt"/>
      <line num="38" count="0" type="stmt"/>
      <line num="42" count="3" type="stmt"/>
    </file>
  </project>
</coverage>
