{"total": {"lines":{"total":19,"covered":16,"skipped":0,"pct":84.21},"statements":{"total":19,"covered":16,"skipped":0,"pct":84.21},"functions":{"total":1,"covered":1,"skipped":0,"pct":100},"branches":{"total":2,"covered":2,"skipped":0,"pct":100},"branchesTrue":{"total":0,"covered":0,"skipped":0,"pct":"Unknown"}}
,"C:\\Users\\Admin\\Downloads\\DevOps-Project-daryl-final code\\public\\js\\createStudentApp.js": {"lines":{"total":19,"covered":16,"skipped":0,"pct":84.21},"functions":{"total":1,"covered":1,"skipped":0,"pct":100},"statements":{"total":19,"covered":16,"skipped":0,"pct":84.21},"branches":{"total":2,"covered":2,"skipped":0,"pct":100}}
}
