{"C:\\Users\\Admin\\Downloads\\DevOps-Project-daryl-final code\\public\\js\\createStudentApp.js": {"path":"C:\\Users\\Admin\\Downloads\\DevOps-Project-daryl-final code\\public\\js\\createStudentApp.js","statementMap":{"0":{"start":{"line":1,"column":0},"end":{"line":43,"column":3}},"1":{"start":{"line":2,"column":4},"end":{"line":2,"column":27}},"2":{"start":{"line":5,"column":22},"end":{"line":5,"column":64}},"3":{"start":{"line":6,"column":17},"end":{"line":6,"column":54}},"4":{"start":{"line":8,"column":35},"end":{"line":8,"column":77}},"5":{"start":{"line":10,"column":4},"end":{"line":39,"column":5}},"6":{"start":{"line":12,"column":25},"end":{"line":18,"column":10}},"7":{"start":{"line":21,"column":8},"end":{"line":34,"column":9}},"8":{"start":{"line":22,"column":27},"end":{"line":22,"column":48}},"9":{"start":{"line":24,"column":12},"end":{"line":24,"column":64}},"10":{"start":{"line":25,"column":12},"end":{"line":25,"column":57}},"11":{"start":{"line":28,"column":12},"end":{"line":28,"column":65}},"12":{"start":{"line":31,"column":32},"end":{"line":31,"column":53}},"13":{"start":{"line":32,"column":12},"end":{"line":32,"column":67}},"14":{"start":{"line":33,"column":12},"end":{"line":33,"column":55}},"15":{"start":{"line":36,"column":8},"end":{"line":36,"column":39}},"16":{"start":{"line":37,"column":8},"end":{"line":37,"column":84}},"17":{"start":{"line":38,"column":8},"end":{"line":38,"column":51}},"18":{"start":{"line":42,"column":4},"end":{"line":42,"column":51}}},"fnMap":{"0":{"name":"(anonymous_0)","decl":{"start":{"line":1,"column":72},"end":{"line":1,"column":73}},"loc":{"start":{"line":1,"column":94},"end":{"line":43,"column":1}},"line":1}},"branchMap":{"0":{"loc":{"start":{"line":21,"column":8},"end":{"line":34,"column":9}},"type":"if","locations":[{"start":{"line":21,"column":8},"end":{"line":34,"column":9}},{"start":{"line":21,"column":8},"end":{"line":34,"column":9}}],"line":21}},"s":{"0":3,"1":3,"2":3,"3":3,"4":3,"5":3,"6":3,"7":3,"8":2,"9":2,"10":2,"11":2,"12":1,"13":1,"14":1,"15":0,"16":0,"17":0,"18":3},"f":{"0":3},"b":{"0":[2,1]},"_coverageSchema":"1a1c01bbd47fc00a2c39e90264f33305004495a9","hash":"a9d3a2825d22fea0c45cb02343d0dc0f579fdd09"}
}
